Arguments: 
  /usr/local/Cellar/node/9.5.0/bin/node /usr/local/Cellar/yarn/1.3.2/libexec/bin/yarn.js init

PATH: 
  ./bin:./node_modules/.bin:/Users/martindefrutos/.rbenv/shims:/Users/martindefrutos/.rbenv/bin:/usr/local/bin:/usr/bin:/bin:/usr/sbin:/sbin:/usr/local/sbin

Yarn version: 
  1.3.2

Node version: 
  9.5.0

Platform: 
  darwin x64

npm manifest: 
  {
    "dependencies": {}
  }

yarn manifest: 
  No manifest

Lockfile: 
  # THIS IS AN AUTOGENERATED FILE. DO NOT EDIT THIS FILE DIRECTLY.
  # yarn lockfile v1
  
  
  desandro-matches-selector@^2.0.0:
    version "2.0.2"
    resolved "https://registry.yarnpkg.com/desandro-matches-selector/-/desandro-matches-selector-2.0.2.tgz#717beed4dc13e7d8f3762f707a6d58a6774218e1"
  
  ev-emitter@^1.0.1, ev-emitter@^1.0.2:
    version "1.1.1"
    resolved "https://registry.yarnpkg.com/ev-emitter/-/ev-emitter-1.1.1.tgz#8f18b0ce5c76a5d18017f71c0a795c65b9138f2a"
  
  fizzy-ui-utils@^2.0.0:
    version "2.0.7"
    resolved "https://registry.yarnpkg.com/fizzy-ui-utils/-/fizzy-ui-utils-2.0.7.tgz#7df45dcc4eb374a08b65d39bb9a4beedf7330505"
    dependencies:
      desandro-matches-selector "^2.0.0"
  
  flickity@^2.1.1:
    version "2.1.1"
    resolved "https://registry.yarnpkg.com/flickity/-/flickity-2.1.1.tgz#1c35ef78bfa4d06a033759743f12d614181ad29a"
    dependencies:
      desandro-matches-selector "^2.0.0"
      ev-emitter "^1.0.2"
      fizzy-ui-utils "^2.0.0"
      get-size "^2.0.0"
      tap-listener "^2.0.0"
      unidragger "^2.3.0"
  
  get-size@^2.0.0:
    version "2.0.3"
    resolved "https://registry.yarnpkg.com/get-size/-/get-size-2.0.3.tgz#54a1d0256b20ea7ac646516756202769941ad2ef"
  
  tap-listener@^2.0.0:
    version "2.0.0"
    resolved "https://registry.yarnpkg.com/tap-listener/-/tap-listener-2.0.0.tgz#d2e11d0d8e7c92b26a56ae4f35538a248b44ad63"
    dependencies:
      unipointer "^2.1.0"
  
  unidragger@^2.3.0:
    version "2.3.0"
    resolved "https://registry.yarnpkg.com/unidragger/-/unidragger-2.3.0.tgz#ab9d9fd62106f3252d88fae5f3a99575e6d31d02"
    dependencies:
      unipointer "^2.3.0"
  
  unipointer@^2.1.0, unipointer@^2.3.0:
    version "2.3.0"
    resolved "https://registry.yarnpkg.com/unipointer/-/unipointer-2.3.0.tgz#ba0dc462ce31c2a88e80810e19c3bae0ce47ed9f"
    dependencies:
      ev-emitter "^1.0.1"

Trace: 
  Error: canceled
      at Interface.<anonymous> (/usr/local/Cellar/yarn/1.3.2/libexec/lib/cli.js:121045:13)
      at Interface.emit (events.js:160:13)
      at Interface._ttyWrite (readline.js:785:16)
      at ReadStream.onkeypress (readline.js:165:10)
      at ReadStream.emit (events.js:160:13)
      at emitKeys (internal/readline.js:420:14)
      at emitKeys.next (<anonymous>)
      at ReadStream.onData (readline.js:1021:36)
      at ReadStream.emit (events.js:160:13)
      at addChunk (_stream_readable.js:269:12)
